<?xml version="1.0" encoding="UTF-8"?>
<testsuite xmlns:xsi="http://www.w3.org/2001/XMLSchema-instance" xsi:noNamespaceSchemaLocation="https://maven.apache.org/surefire/maven-surefire-plugin/xsd/surefire-test-report-3.0.xsd" version="3.0" name="TestSuite" time="66.797" tests="3" errors="0" skipped="0" failures="1">
  <properties>
[...]
</properties>
  <testcase name="TC_001_verifyHomePageTitle" classname="com.demowebshop.testscript.HomeTest" time="0.711">
    <system-out><![CDATA[Directory already exists: C:\Users\KRISHNENTHU\IdeaProjects\demowebshop\TestReport
ExtentReport Path for WINDOWS: C:\Users\KRISHNENTHU\IdeaProjects\demowebshop\TestReport

Directory already exists: C:\Users\KRISHNENTHU\IdeaProjects\demowebshop\TestReport
ExtentReport Path for WINDOWS: C:\Users\KRISHNENTHU\IdeaProjects\demowebshop\TestReport

Extent Reports Version 3 Test Suite started!
TC_001_verifyHomePageTitle started!
TC_001_verifyHomePageTitle passed!
]]></system-out>
    <system-err><![CDATA[SLF4J: Failed to load class "org.slf4j.impl.StaticLoggerBinder".
SLF4J: Defaulting to no-operation (NOP) logger implementation
SLF4J: See http://www.slf4j.org/codes.html#StaticLoggerBinder for further details.
ERROR StatusLogger Log4j2 could not find a logging implementation. Please add log4j-core to the classpath. Using SimpleLogger to log to the console...
Starting ChromeDriver 109.0.5414.74 (e7c5703604daa9cc128ccf5a5d3e993513758913-refs/branch-heads/5414@{#1172}) on port 23555
Only local connections are allowed.
Please see https://chromedriver.chromium.org/security-considerations for suggestions on keeping ChromeDriver safe.
ChromeDriver was started successfully.
Feb 01, 2023 8:37:38 AM org.openqa.selenium.devtools.CdpVersionFinder findNearestMatch
WARNING: Unable to find an exact match for CDP version 109, so returning the closest version found: 108
]]></system-err>
  </testcase>
  <testcase name="TC_002_verifySubscribeEmailMessage" classname="com.demowebshop.testscript.HomeTest" time="0.268">
    <failure message="ERROR : Invalid Subscribe Message Found expected [Thank you for signing up! A verification email has been sent. We appreciate your interest.] but found []" type="java.lang.AssertionError"><![CDATA[java.lang.AssertionError: ERROR : Invalid Subscribe Message Found expected [Thank you for signing up! A verification email has been sent. We appreciate your interest.] but found []
	at com.demowebshop.testscript.HomeTest.TC_002_verifySubscribeEmailMessage(HomeTest.java:41)
]]></failure>
    <system-out><![CDATA[TC_002_verifySubscribeEmailMessage started!
TC_002_verifySubscribeEmailMessage failed!
]]></system-out>
    <system-err><![CDATA[[1675220866.138][WARNING]: Timed out connecting to Chrome, retrying...
[1675220874.229][WARNING]: Timed out connecting to Chrome, retrying...
Starting ChromeDriver 109.0.5414.74 (e7c5703604daa9cc128ccf5a5d3e993513758913-refs/branch-heads/5414@{#1172}) on port 44871
Only local connections are allowed.
Please see https://chromedriver.chromium.org/security-considerations for suggestions on keeping ChromeDriver safe.
ChromeDriver was started successfully.
Feb 01, 2023 8:37:59 AM org.openqa.selenium.devtools.CdpVersionFinder findNearestMatch
WARNING: Unable to find an exact match for CDP version 109, so returning the closest version found: 108
]]></system-err>
  </testcase>
  <testcase name="TC001_verifyUserRegistration" classname="com.demowebshop.testscript.RegisterTest" time="1.881">
    <system-out><![CDATA[TC001_verifyUserRegistration started!
TC001_verifyUserRegistration passed!
]]></system-out>
    <system-err><![CDATA[[1675220886.579][WARNING]: Timed out connecting to Chrome, retrying...
[1675220894.694][WARNING]: Timed out connecting to Chrome, retrying...
Starting ChromeDriver 109.0.5414.74 (e7c5703604daa9cc128ccf5a5d3e993513758913-refs/branch-heads/5414@{#1172}) on port 20101
Only local connections are allowed.
Please see https://chromedriver.chromium.org/security-considerations for suggestions on keeping ChromeDriver safe.
ChromeDriver was started successfully.
Feb 01, 2023 8:38:20 AM org.openqa.selenium.devtools.CdpVersionFinder findNearestMatch
WARNING: Unable to find an exact match for CDP version 109, so returning the closest version found: 108
]]></system-err>
  </testcase>
</testsuite>