-------------------------------------------------------------------------------
Test set: TestSuite
-------------------------------------------------------------------------------
Tests run: 3, Failures: 1, Errors: 0, Skipped: 0, Time elapsed: 66.797 s <<< FAILURE! - in TestSuite
com.demowebshop.testscript.HomeTest.TC_002_verifySubscribeEmailMessage  Time elapsed: 0.268 s  <<< FAILURE!
java.lang.AssertionError: ERROR : Invalid Subscribe Message Found expected [Thank you for signing up! A verification email has been sent. We appreciate your interest.] but found []
	at com.demowebshop.testscript.HomeTest.TC_002_verifySubscribeEmailMessage(HomeTest.java:41)

